<?xml version="1.0" encoding="UTF-8"?>
<!-- Generated by org.testng.reporters.JUnitReportReporter -->
<testsuite hostname="DESKTOP-1CCS179" failures="0" tests="1" name="com.qa.testBase.TestBase" time="18.901" errors="0" timestamp="2022-04-02T20:29:45 IST" skipped="0">
  <testcase classname="com.qa.testBase.TestBase" name="start" time="18.901"/>
  <system-out/>
</testsuite> <!-- com.qa.testBase.TestBase -->
